Arguments: 
  /home/divine/.nvm/versions/node/v12.14.1/bin/node /usr/share/yarn/bin/yarn.js add -D @fullhuman/postcss-purgecss

PATH: 
  /home/divine/.nvm/versions/node/v12.14.1/bin:/home/divine/.local/bin:/usr/local/sbin:/usr/local/bin:/usr/sbin:/usr/bin:/sbin:/bin:/usr/games:/usr/local/games:/snap/bin:/usr/lib/jvm/java-13-oracle/bin:/usr/lib/jvm/java-13-oracle/db/bin:/home/divine/Android/sdk/emulator:/home/divine/Android/sdk/tools:/home/divine/Android/sdk/tools/bin:/home/divine/Android/sdk/platform-tools

Yarn version: 
  1.22.0

Node version: 
  12.14.1

Platform: 
  linux x64

Trace: 
  Error: ENOENT: no such file or directory, lstat '/home/divine/Documents/projects/next/next-learn-demo/hello-next/node_modules/purgecss'

npm manifest: 
  {
    "name": "hello-next",
    "version": "1.0.0",
    "scripts": {
      "dev": "next",
      "build": "next build",
      "start": "next start"
    },
    "license": "ISC",
    "dependencies": {
      "next": "latest",
      "react": "^16.12.0",
      "react-dom": "^16.12.0"
    }
  }

yarn manifest: 
  No manifest

Lockfile: 
  No lockfile
